<?xml version="1.0" encoding="UTF-8"?>
<!-- Generated by org.testng.reporters.JUnitReportReporter -->
<testsuite skipped="0" hostname="Tarun" name="launching.kalkifashionTest" tests="1" failures="0" timestamp="2023-03-03T12:41:55 IST" time="9.410" errors="0">
  <testcase name="browser" time="9.410" classname="launching.kalkifashionTest"/>
  <system-out/>
</testsuite> <!-- launching.kalkifashionTest -->
