<?xml version="1.0" encoding="UTF-8"?>
<!-- Generated by org.testng.reporters.JUnitReportReporter -->
<testsuite skipped="0" hostname="Tarun" name="launching02.skype" tests="1" failures="0" timestamp="2023-03-03T12:41:55 IST" time="10.254" errors="0">
  <testcase name="nav" time="10.254" classname="launching02.skype"/>
  <system-out/>
</testsuite> <!-- launching02.skype -->
