<?xml version="1.0" encoding="UTF-8"?>
<!-- Generated by org.testng.reporters.JUnitReportReporter -->
<testsuite skipped="0" hostname="Tarun" name="launching01.woodenstreetTest" tests="1" failures="0" timestamp="2023-03-03T12:41:55 IST" time="11.207" errors="0">
  <testcase name="navigable" time="11.207" classname="launching01.woodenstreetTest"/>
  <system-out/>
</testsuite> <!-- launching01.woodenstreetTest -->
